<?xml version="1.0" encoding="UTF-8"?>
<!-- Generated by org.testng.reporters.JUnitXMLReporter -->
<testsuite hostname="LM-MAA-00668550" tests="100" failures="0" timestamp="21 Apr 2014 04:44:55 GMT" time="419.622" errors="0">
  <testcase name="loadTest" time="26.284" classname="SampleTest"/>
  <testcase name="loadTest" time="26.748" classname="SampleTest"/>
  <testcase name="loadTest" time="28.386" classname="SampleTest"/>
  <testcase name="loadTest" time="29.729" classname="SampleTest"/>
  <testcase name="loadTest" time="31.801" classname="SampleTest"/>
  <testcase name="loadTest" time="20.63" classname="SampleTest"/>
  <testcase name="loadTest" time="21.01" classname="SampleTest"/>
  <testcase name="loadTest" time="23.096" classname="SampleTest"/>
  <testcase name="loadTest" time="20.289" classname="SampleTest"/>
  <testcase name="loadTest" time="23.377" classname="SampleTest"/>
  <testcase name="loadTest" time="17.159" classname="SampleTest"/>
  <testcase name="loadTest" time="15.094" classname="SampleTest"/>
  <testcase name="loadTest" time="19.405" classname="SampleTest"/>
  <testcase name="loadTest" time="24.762" classname="SampleTest"/>
  <testcase name="loadTest" time="26.645" classname="SampleTest"/>
  <testcase name="loadTest" time="15.377" classname="SampleTest"/>
  <testcase name="loadTest" time="23.815" classname="SampleTest"/>
  <testcase name="loadTest" time="15.109" classname="SampleTest"/>
  <testcase name="loadTest" time="17.605" classname="SampleTest"/>
  <testcase name="loadTest" time="21.391" classname="SampleTest"/>
  <testcase name="loadTest" time="22.652" classname="SampleTest"/>
  <testcase name="loadTest" time="15.53" classname="SampleTest"/>
  <testcase name="loadTest" time="18.028" classname="SampleTest"/>
  <testcase name="loadTest" time="15.203" classname="SampleTest"/>
  <testcase name="loadTest" time="18.817" classname="SampleTest"/>
  <testcase name="loadTest" time="18.584" classname="SampleTest"/>
  <testcase name="loadTest" time="15.866" classname="SampleTest"/>
  <testcase name="loadTest" time="18.925" classname="SampleTest"/>
  <testcase name="loadTest" time="18.247" classname="SampleTest"/>
  <testcase name="loadTest" time="18.003" classname="SampleTest"/>
  <testcase name="loadTest" time="14.381" classname="SampleTest"/>
  <testcase name="loadTest" time="19.039" classname="SampleTest"/>
  <testcase name="loadTest" time="19.25" classname="SampleTest"/>
  <testcase name="loadTest" time="18.328" classname="SampleTest"/>
  <testcase name="loadTest" time="24.268" classname="SampleTest"/>
  <testcase name="loadTest" time="19.861" classname="SampleTest"/>
  <testcase name="loadTest" time="22.04" classname="SampleTest"/>
  <testcase name="loadTest" time="21.89" classname="SampleTest"/>
  <testcase name="loadTest" time="21.618" classname="SampleTest"/>
  <testcase name="loadTest" time="23.528" classname="SampleTest"/>
  <testcase name="loadTest" time="14.884" classname="SampleTest"/>
  <testcase name="loadTest" time="17.177" classname="SampleTest"/>
  <testcase name="loadTest" time="25.275" classname="SampleTest"/>
  <testcase name="loadTest" time="19.747" classname="SampleTest"/>
  <testcase name="loadTest" time="19.576" classname="SampleTest"/>
  <testcase name="loadTest" time="19.98" classname="SampleTest"/>
  <testcase name="loadTest" time="20.728" classname="SampleTest"/>
  <testcase name="loadTest" time="18.031" classname="SampleTest"/>
  <testcase name="loadTest" time="19.376" classname="SampleTest"/>
  <testcase name="loadTest" time="16.784" classname="SampleTest"/>
  <testcase name="loadTest" time="21.934" classname="SampleTest"/>
  <testcase name="loadTest" time="26.002" classname="SampleTest"/>
  <testcase name="loadTest" time="19.166" classname="SampleTest"/>
  <testcase name="loadTest" time="18.829" classname="SampleTest"/>
  <testcase name="loadTest" time="22.095" classname="SampleTest"/>
  <testcase name="loadTest" time="20.779" classname="SampleTest"/>
  <testcase name="loadTest" time="16.154" classname="SampleTest"/>
  <testcase name="loadTest" time="21.774" classname="SampleTest"/>
  <testcase name="loadTest" time="19.12" classname="SampleTest"/>
  <testcase name="loadTest" time="19.12" classname="SampleTest"/>
  <testcase name="loadTest" time="19.191" classname="SampleTest"/>
  <testcase name="loadTest" time="15.158" classname="SampleTest"/>
  <testcase name="loadTest" time="26.014" classname="SampleTest"/>
  <testcase name="loadTest" time="19.73" classname="SampleTest"/>
  <testcase name="loadTest" time="16.54" classname="SampleTest"/>
  <testcase name="loadTest" time="19.461" classname="SampleTest"/>
  <testcase name="loadTest" time="18.298" classname="SampleTest"/>
  <testcase name="loadTest" time="19.813" classname="SampleTest"/>
  <testcase name="loadTest" time="15.801" classname="SampleTest"/>
  <testcase name="loadTest" time="16.606" classname="SampleTest"/>
  <testcase name="loadTest" time="19.324" classname="SampleTest"/>
  <testcase name="loadTest" time="19.22" classname="SampleTest"/>
  <testcase name="loadTest" time="16.032" classname="SampleTest"/>
  <testcase name="loadTest" time="20.425" classname="SampleTest"/>
  <testcase name="loadTest" time="18.755" classname="SampleTest"/>
  <testcase name="loadTest" time="17.616" classname="SampleTest"/>
  <testcase name="loadTest" time="19.953" classname="SampleTest"/>
  <testcase name="loadTest" time="21.68" classname="SampleTest"/>
  <testcase name="loadTest" time="21.249" classname="SampleTest"/>
  <testcase name="loadTest" time="21.692" classname="SampleTest"/>
  <testcase name="loadTest" time="27.646" classname="SampleTest"/>
  <testcase name="loadTest" time="26.331" classname="SampleTest"/>
  <testcase name="loadTest" time="26.807" classname="SampleTest"/>
  <testcase name="loadTest" time="22.015" classname="SampleTest"/>
  <testcase name="loadTest" time="26.597" classname="SampleTest"/>
  <testcase name="loadTest" time="23.962" classname="SampleTest"/>
  <testcase name="loadTest" time="23.539" classname="SampleTest"/>
  <testcase name="loadTest" time="20.898" classname="SampleTest"/>
  <testcase name="loadTest" time="23.62" classname="SampleTest"/>
  <testcase name="loadTest" time="17.093" classname="SampleTest"/>
  <testcase name="loadTest" time="19.217" classname="SampleTest"/>
  <testcase name="loadTest" time="22.153" classname="SampleTest"/>
  <testcase name="loadTest" time="23.515" classname="SampleTest"/>
  <testcase name="loadTest" time="20.801" classname="SampleTest"/>
  <testcase name="loadTest" time="19.593" classname="SampleTest"/>
  <testcase name="loadTest" time="24.553" classname="SampleTest"/>
  <testcase name="loadTest" time="19.628" classname="SampleTest"/>
  <testcase name="loadTest" time="19.529" classname="SampleTest"/>
  <testcase name="loadTest" time="24.998" classname="SampleTest"/>
  <testcase name="loadTest" time="25.271" classname="SampleTest"/>
</testsuite>
