<?xml version="1.0" encoding="UTF-8"?>
<testng-results skipped="0" failed="0" total="100" passed="100">
  <reporter-output>
  </reporter-output>
  <suite name="SampleTest" duration-ms="419622" started-at="2014-04-21T04:37:55Z" finished-at="2014-04-21T04:44:55Z">
    <groups>
    </groups>
    <test name="Command line test" duration-ms="419622" started-at="2014-04-21T04:37:55Z" finished-at="2014-04-21T04:44:55Z">
      <class name="SampleTest">
        <test-method status="PASS" signature="loadTest()[pri:0, instance:SampleTest@224a9dcd]" name="loadTest" duration-ms="28386" started-at="2014-04-21T10:07:55Z" finished-at="2014-04-21T10:08:24Z">
          <reporter-output>
          </reporter-output>
        </test-method> <!-- loadTest -->
        <test-method status="PASS" signature="loadTest()[pri:0, instance:SampleTest@224a9dcd]" name="loadTest" duration-ms="26284" started-at="2014-04-21T10:07:55Z" finished-at="2014-04-21T10:08:22Z">
          <reporter-output>
          </reporter-output>
        </test-method> <!-- loadTest -->
        <test-method status="PASS" signature="loadTest()[pri:0, instance:SampleTest@224a9dcd]" name="loadTest" duration-ms="31801" started-at="2014-04-21T10:07:55Z" finished-at="2014-04-21T10:08:27Z">
          <reporter-output>
          </reporter-output>
        </test-method> <!-- loadTest -->
        <test-method status="PASS" signature="loadTest()[pri:0, instance:SampleTest@224a9dcd]" name="loadTest" duration-ms="26748" started-at="2014-04-21T10:07:55Z" finished-at="2014-04-21T10:08:22Z">
          <reporter-output>
          </reporter-output>
        </test-method> <!-- loadTest -->
        <test-method status="PASS" signature="loadTest()[pri:0, instance:SampleTest@224a9dcd]" name="loadTest" duration-ms="29729" started-at="2014-04-21T10:07:55Z" finished-at="2014-04-21T10:08:25Z">
          <reporter-output>
          </reporter-output>
        </test-method> <!-- loadTest -->
        <test-method status="PASS" signature="loadTest()[pri:0, instance:SampleTest@224a9dcd]" name="loadTest" duration-ms="20630" started-at="2014-04-21T10:08:22Z" finished-at="2014-04-21T10:08:42Z">
          <reporter-output>
          </reporter-output>
        </test-method> <!-- loadTest -->
        <test-method status="PASS" signature="loadTest()[pri:0, instance:SampleTest@224a9dcd]" name="loadTest" duration-ms="23096" started-at="2014-04-21T10:08:22Z" finished-at="2014-04-21T10:08:45Z">
          <reporter-output>
          </reporter-output>
        </test-method> <!-- loadTest -->
        <test-method status="PASS" signature="loadTest()[pri:0, instance:SampleTest@224a9dcd]" name="loadTest" duration-ms="21010" started-at="2014-04-21T10:08:24Z" finished-at="2014-04-21T10:08:45Z">
          <reporter-output>
          </reporter-output>
        </test-method> <!-- loadTest -->
        <test-method status="PASS" signature="loadTest()[pri:0, instance:SampleTest@224a9dcd]" name="loadTest" duration-ms="20289" started-at="2014-04-21T10:08:25Z" finished-at="2014-04-21T10:08:45Z">
          <reporter-output>
          </reporter-output>
        </test-method> <!-- loadTest -->
        <test-method status="PASS" signature="loadTest()[pri:0, instance:SampleTest@224a9dcd]" name="loadTest" duration-ms="23377" started-at="2014-04-21T10:08:27Z" finished-at="2014-04-21T10:08:50Z">
          <reporter-output>
          </reporter-output>
        </test-method> <!-- loadTest -->
        <test-method status="PASS" signature="loadTest()[pri:0, instance:SampleTest@224a9dcd]" name="loadTest" duration-ms="17159" started-at="2014-04-21T10:08:42Z" finished-at="2014-04-21T10:08:59Z">
          <reporter-output>
          </reporter-output>
        </test-method> <!-- loadTest -->
        <test-method status="PASS" signature="loadTest()[pri:0, instance:SampleTest@224a9dcd]" name="loadTest" duration-ms="15094" started-at="2014-04-21T10:08:45Z" finished-at="2014-04-21T10:09:00Z">
          <reporter-output>
          </reporter-output>
        </test-method> <!-- loadTest -->
        <test-method status="PASS" signature="loadTest()[pri:0, instance:SampleTest@224a9dcd]" name="loadTest" duration-ms="24762" started-at="2014-04-21T10:08:45Z" finished-at="2014-04-21T10:09:10Z">
          <reporter-output>
          </reporter-output>
        </test-method> <!-- loadTest -->
        <test-method status="PASS" signature="loadTest()[pri:0, instance:SampleTest@224a9dcd]" name="loadTest" duration-ms="26645" started-at="2014-04-21T10:08:45Z" finished-at="2014-04-21T10:09:12Z">
          <reporter-output>
          </reporter-output>
        </test-method> <!-- loadTest -->
        <test-method status="PASS" signature="loadTest()[pri:0, instance:SampleTest@224a9dcd]" name="loadTest" duration-ms="19405" started-at="2014-04-21T10:08:50Z" finished-at="2014-04-21T10:09:10Z">
          <reporter-output>
          </reporter-output>
        </test-method> <!-- loadTest -->
        <test-method status="PASS" signature="loadTest()[pri:0, instance:SampleTest@224a9dcd]" name="loadTest" duration-ms="15377" started-at="2014-04-21T10:08:59Z" finished-at="2014-04-21T10:09:15Z">
          <reporter-output>
          </reporter-output>
        </test-method> <!-- loadTest -->
        <test-method status="PASS" signature="loadTest()[pri:0, instance:SampleTest@224a9dcd]" name="loadTest" duration-ms="23815" started-at="2014-04-21T10:09:00Z" finished-at="2014-04-21T10:09:24Z">
          <reporter-output>
          </reporter-output>
        </test-method> <!-- loadTest -->
        <test-method status="PASS" signature="loadTest()[pri:0, instance:SampleTest@224a9dcd]" name="loadTest" duration-ms="15109" started-at="2014-04-21T10:09:10Z" finished-at="2014-04-21T10:09:25Z">
          <reporter-output>
          </reporter-output>
        </test-method> <!-- loadTest -->
        <test-method status="PASS" signature="loadTest()[pri:0, instance:SampleTest@224a9dcd]" name="loadTest" duration-ms="21391" started-at="2014-04-21T10:09:10Z" finished-at="2014-04-21T10:09:31Z">
          <reporter-output>
          </reporter-output>
        </test-method> <!-- loadTest -->
        <test-method status="PASS" signature="loadTest()[pri:0, instance:SampleTest@224a9dcd]" name="loadTest" duration-ms="17605" started-at="2014-04-21T10:09:12Z" finished-at="2014-04-21T10:09:30Z">
          <reporter-output>
          </reporter-output>
        </test-method> <!-- loadTest -->
        <test-method status="PASS" signature="loadTest()[pri:0, instance:SampleTest@224a9dcd]" name="loadTest" duration-ms="22652" started-at="2014-04-21T10:09:15Z" finished-at="2014-04-21T10:09:37Z">
          <reporter-output>
          </reporter-output>
        </test-method> <!-- loadTest -->
        <test-method status="PASS" signature="loadTest()[pri:0, instance:SampleTest@224a9dcd]" name="loadTest" duration-ms="18028" started-at="2014-04-21T10:09:24Z" finished-at="2014-04-21T10:09:42Z">
          <reporter-output>
          </reporter-output>
        </test-method> <!-- loadTest -->
        <test-method status="PASS" signature="loadTest()[pri:0, instance:SampleTest@224a9dcd]" name="loadTest" duration-ms="15530" started-at="2014-04-21T10:09:25Z" finished-at="2014-04-21T10:09:40Z">
          <reporter-output>
          </reporter-output>
        </test-method> <!-- loadTest -->
        <test-method status="PASS" signature="loadTest()[pri:0, instance:SampleTest@224a9dcd]" name="loadTest" duration-ms="15203" started-at="2014-04-21T10:09:30Z" finished-at="2014-04-21T10:09:45Z">
          <reporter-output>
          </reporter-output>
        </test-method> <!-- loadTest -->
        <test-method status="PASS" signature="loadTest()[pri:0, instance:SampleTest@224a9dcd]" name="loadTest" duration-ms="18817" started-at="2014-04-21T10:09:31Z" finished-at="2014-04-21T10:09:50Z">
          <reporter-output>
          </reporter-output>
        </test-method> <!-- loadTest -->
        <test-method status="PASS" signature="loadTest()[pri:0, instance:SampleTest@224a9dcd]" name="loadTest" duration-ms="18584" started-at="2014-04-21T10:09:37Z" finished-at="2014-04-21T10:09:56Z">
          <reporter-output>
          </reporter-output>
        </test-method> <!-- loadTest -->
        <test-method status="PASS" signature="loadTest()[pri:0, instance:SampleTest@224a9dcd]" name="loadTest" duration-ms="15866" started-at="2014-04-21T10:09:40Z" finished-at="2014-04-21T10:09:56Z">
          <reporter-output>
          </reporter-output>
        </test-method> <!-- loadTest -->
        <test-method status="PASS" signature="loadTest()[pri:0, instance:SampleTest@224a9dcd]" name="loadTest" duration-ms="18925" started-at="2014-04-21T10:09:42Z" finished-at="2014-04-21T10:10:01Z">
          <reporter-output>
          </reporter-output>
        </test-method> <!-- loadTest -->
        <test-method status="PASS" signature="loadTest()[pri:0, instance:SampleTest@224a9dcd]" name="loadTest" duration-ms="18247" started-at="2014-04-21T10:09:45Z" finished-at="2014-04-21T10:10:03Z">
          <reporter-output>
          </reporter-output>
        </test-method> <!-- loadTest -->
        <test-method status="PASS" signature="loadTest()[pri:0, instance:SampleTest@224a9dcd]" name="loadTest" duration-ms="18003" started-at="2014-04-21T10:09:50Z" finished-at="2014-04-21T10:10:08Z">
          <reporter-output>
          </reporter-output>
        </test-method> <!-- loadTest -->
        <test-method status="PASS" signature="loadTest()[pri:0, instance:SampleTest@224a9dcd]" name="loadTest" duration-ms="19039" started-at="2014-04-21T10:09:56Z" finished-at="2014-04-21T10:10:15Z">
          <reporter-output>
          </reporter-output>
        </test-method> <!-- loadTest -->
        <test-method status="PASS" signature="loadTest()[pri:0, instance:SampleTest@224a9dcd]" name="loadTest" duration-ms="19250" started-at="2014-04-21T10:09:56Z" finished-at="2014-04-21T10:10:16Z">
          <reporter-output>
          </reporter-output>
        </test-method> <!-- loadTest -->
        <test-method status="PASS" signature="loadTest()[pri:0, instance:SampleTest@224a9dcd]" name="loadTest" duration-ms="14381" started-at="2014-04-21T10:10:01Z" finished-at="2014-04-21T10:10:15Z">
          <reporter-output>
          </reporter-output>
        </test-method> <!-- loadTest -->
        <test-method status="PASS" signature="loadTest()[pri:0, instance:SampleTest@224a9dcd]" name="loadTest" duration-ms="24268" started-at="2014-04-21T10:10:03Z" finished-at="2014-04-21T10:10:27Z">
          <reporter-output>
          </reporter-output>
        </test-method> <!-- loadTest -->
        <test-method status="PASS" signature="loadTest()[pri:0, instance:SampleTest@224a9dcd]" name="loadTest" duration-ms="18328" started-at="2014-04-21T10:10:08Z" finished-at="2014-04-21T10:10:26Z">
          <reporter-output>
          </reporter-output>
        </test-method> <!-- loadTest -->
        <test-method status="PASS" signature="loadTest()[pri:0, instance:SampleTest@224a9dcd]" name="loadTest" duration-ms="19861" started-at="2014-04-21T10:10:15Z" finished-at="2014-04-21T10:10:35Z">
          <reporter-output>
          </reporter-output>
        </test-method> <!-- loadTest -->
        <test-method status="PASS" signature="loadTest()[pri:0, instance:SampleTest@224a9dcd]" name="loadTest" duration-ms="22040" started-at="2014-04-21T10:10:15Z" finished-at="2014-04-21T10:10:37Z">
          <reporter-output>
          </reporter-output>
        </test-method> <!-- loadTest -->
        <test-method status="PASS" signature="loadTest()[pri:0, instance:SampleTest@224a9dcd]" name="loadTest" duration-ms="21890" started-at="2014-04-21T10:10:16Z" finished-at="2014-04-21T10:10:37Z">
          <reporter-output>
          </reporter-output>
        </test-method> <!-- loadTest -->
        <test-method status="PASS" signature="loadTest()[pri:0, instance:SampleTest@224a9dcd]" name="loadTest" duration-ms="23528" started-at="2014-04-21T10:10:26Z" finished-at="2014-04-21T10:10:50Z">
          <reporter-output>
          </reporter-output>
        </test-method> <!-- loadTest -->
        <test-method status="PASS" signature="loadTest()[pri:0, instance:SampleTest@224a9dcd]" name="loadTest" duration-ms="21618" started-at="2014-04-21T10:10:27Z" finished-at="2014-04-21T10:10:49Z">
          <reporter-output>
          </reporter-output>
        </test-method> <!-- loadTest -->
        <test-method status="PASS" signature="loadTest()[pri:0, instance:SampleTest@224a9dcd]" name="loadTest" duration-ms="17177" started-at="2014-04-21T10:10:35Z" finished-at="2014-04-21T10:10:52Z">
          <reporter-output>
          </reporter-output>
        </test-method> <!-- loadTest -->
        <test-method status="PASS" signature="loadTest()[pri:0, instance:SampleTest@224a9dcd]" name="loadTest" duration-ms="14884" started-at="2014-04-21T10:10:37Z" finished-at="2014-04-21T10:10:52Z">
          <reporter-output>
          </reporter-output>
        </test-method> <!-- loadTest -->
        <test-method status="PASS" signature="loadTest()[pri:0, instance:SampleTest@224a9dcd]" name="loadTest" duration-ms="25275" started-at="2014-04-21T10:10:37Z" finished-at="2014-04-21T10:11:03Z">
          <reporter-output>
          </reporter-output>
        </test-method> <!-- loadTest -->
        <test-method status="PASS" signature="loadTest()[pri:0, instance:SampleTest@224a9dcd]" name="loadTest" duration-ms="19747" started-at="2014-04-21T10:10:49Z" finished-at="2014-04-21T10:11:09Z">
          <reporter-output>
          </reporter-output>
        </test-method> <!-- loadTest -->
        <test-method status="PASS" signature="loadTest()[pri:0, instance:SampleTest@224a9dcd]" name="loadTest" duration-ms="19576" started-at="2014-04-21T10:10:50Z" finished-at="2014-04-21T10:11:09Z">
          <reporter-output>
          </reporter-output>
        </test-method> <!-- loadTest -->
        <test-method status="PASS" signature="loadTest()[pri:0, instance:SampleTest@224a9dcd]" name="loadTest" duration-ms="20728" started-at="2014-04-21T10:10:52Z" finished-at="2014-04-21T10:11:13Z">
          <reporter-output>
          </reporter-output>
        </test-method> <!-- loadTest -->
        <test-method status="PASS" signature="loadTest()[pri:0, instance:SampleTest@224a9dcd]" name="loadTest" duration-ms="19980" started-at="2014-04-21T10:10:52Z" finished-at="2014-04-21T10:11:12Z">
          <reporter-output>
          </reporter-output>
        </test-method> <!-- loadTest -->
        <test-method status="PASS" signature="loadTest()[pri:0, instance:SampleTest@224a9dcd]" name="loadTest" duration-ms="18031" started-at="2014-04-21T10:11:03Z" finished-at="2014-04-21T10:11:21Z">
          <reporter-output>
          </reporter-output>
        </test-method> <!-- loadTest -->
        <test-method status="PASS" signature="loadTest()[pri:0, instance:SampleTest@224a9dcd]" name="loadTest" duration-ms="19376" started-at="2014-04-21T10:11:09Z" finished-at="2014-04-21T10:11:28Z">
          <reporter-output>
          </reporter-output>
        </test-method> <!-- loadTest -->
        <test-method status="PASS" signature="loadTest()[pri:0, instance:SampleTest@224a9dcd]" name="loadTest" duration-ms="21934" started-at="2014-04-21T10:11:09Z" finished-at="2014-04-21T10:11:31Z">
          <reporter-output>
          </reporter-output>
        </test-method> <!-- loadTest -->
        <test-method status="PASS" signature="loadTest()[pri:0, instance:SampleTest@224a9dcd]" name="loadTest" duration-ms="16784" started-at="2014-04-21T10:11:12Z" finished-at="2014-04-21T10:11:29Z">
          <reporter-output>
          </reporter-output>
        </test-method> <!-- loadTest -->
        <test-method status="PASS" signature="loadTest()[pri:0, instance:SampleTest@224a9dcd]" name="loadTest" duration-ms="26002" started-at="2014-04-21T10:11:13Z" finished-at="2014-04-21T10:11:39Z">
          <reporter-output>
          </reporter-output>
        </test-method> <!-- loadTest -->
        <test-method status="PASS" signature="loadTest()[pri:0, instance:SampleTest@224a9dcd]" name="loadTest" duration-ms="19166" started-at="2014-04-21T10:11:21Z" finished-at="2014-04-21T10:11:40Z">
          <reporter-output>
          </reporter-output>
        </test-method> <!-- loadTest -->
        <test-method status="PASS" signature="loadTest()[pri:0, instance:SampleTest@224a9dcd]" name="loadTest" duration-ms="18829" started-at="2014-04-21T10:11:28Z" finished-at="2014-04-21T10:11:47Z">
          <reporter-output>
          </reporter-output>
        </test-method> <!-- loadTest -->
        <test-method status="PASS" signature="loadTest()[pri:0, instance:SampleTest@224a9dcd]" name="loadTest" duration-ms="22095" started-at="2014-04-21T10:11:29Z" finished-at="2014-04-21T10:11:51Z">
          <reporter-output>
          </reporter-output>
        </test-method> <!-- loadTest -->
        <test-method status="PASS" signature="loadTest()[pri:0, instance:SampleTest@224a9dcd]" name="loadTest" duration-ms="20779" started-at="2014-04-21T10:11:31Z" finished-at="2014-04-21T10:11:52Z">
          <reporter-output>
          </reporter-output>
        </test-method> <!-- loadTest -->
        <test-method status="PASS" signature="loadTest()[pri:0, instance:SampleTest@224a9dcd]" name="loadTest" duration-ms="16154" started-at="2014-04-21T10:11:39Z" finished-at="2014-04-21T10:11:55Z">
          <reporter-output>
          </reporter-output>
        </test-method> <!-- loadTest -->
        <test-method status="PASS" signature="loadTest()[pri:0, instance:SampleTest@224a9dcd]" name="loadTest" duration-ms="21774" started-at="2014-04-21T10:11:40Z" finished-at="2014-04-21T10:12:02Z">
          <reporter-output>
          </reporter-output>
        </test-method> <!-- loadTest -->
        <test-method status="PASS" signature="loadTest()[pri:0, instance:SampleTest@224a9dcd]" name="loadTest" duration-ms="19120" started-at="2014-04-21T10:11:47Z" finished-at="2014-04-21T10:12:06Z">
          <reporter-output>
          </reporter-output>
        </test-method> <!-- loadTest -->
        <test-method status="PASS" signature="loadTest()[pri:0, instance:SampleTest@224a9dcd]" name="loadTest" duration-ms="19120" started-at="2014-04-21T10:11:51Z" finished-at="2014-04-21T10:12:10Z">
          <reporter-output>
          </reporter-output>
        </test-method> <!-- loadTest -->
        <test-method status="PASS" signature="loadTest()[pri:0, instance:SampleTest@224a9dcd]" name="loadTest" duration-ms="19191" started-at="2014-04-21T10:11:52Z" finished-at="2014-04-21T10:12:11Z">
          <reporter-output>
          </reporter-output>
        </test-method> <!-- loadTest -->
        <test-method status="PASS" signature="loadTest()[pri:0, instance:SampleTest@224a9dcd]" name="loadTest" duration-ms="26014" started-at="2014-04-21T10:11:55Z" finished-at="2014-04-21T10:12:21Z">
          <reporter-output>
          </reporter-output>
        </test-method> <!-- loadTest -->
        <test-method status="PASS" signature="loadTest()[pri:0, instance:SampleTest@224a9dcd]" name="loadTest" duration-ms="15158" started-at="2014-04-21T10:12:02Z" finished-at="2014-04-21T10:12:17Z">
          <reporter-output>
          </reporter-output>
        </test-method> <!-- loadTest -->
        <test-method status="PASS" signature="loadTest()[pri:0, instance:SampleTest@224a9dcd]" name="loadTest" duration-ms="19730" started-at="2014-04-21T10:12:06Z" finished-at="2014-04-21T10:12:26Z">
          <reporter-output>
          </reporter-output>
        </test-method> <!-- loadTest -->
        <test-method status="PASS" signature="loadTest()[pri:0, instance:SampleTest@224a9dcd]" name="loadTest" duration-ms="19461" started-at="2014-04-21T10:12:10Z" finished-at="2014-04-21T10:12:29Z">
          <reporter-output>
          </reporter-output>
        </test-method> <!-- loadTest -->
        <test-method status="PASS" signature="loadTest()[pri:0, instance:SampleTest@224a9dcd]" name="loadTest" duration-ms="16540" started-at="2014-04-21T10:12:11Z" finished-at="2014-04-21T10:12:28Z">
          <reporter-output>
          </reporter-output>
        </test-method> <!-- loadTest -->
        <test-method status="PASS" signature="loadTest()[pri:0, instance:SampleTest@224a9dcd]" name="loadTest" duration-ms="18298" started-at="2014-04-21T10:12:17Z" finished-at="2014-04-21T10:12:35Z">
          <reporter-output>
          </reporter-output>
        </test-method> <!-- loadTest -->
        <test-method status="PASS" signature="loadTest()[pri:0, instance:SampleTest@224a9dcd]" name="loadTest" duration-ms="19813" started-at="2014-04-21T10:12:21Z" finished-at="2014-04-21T10:12:41Z">
          <reporter-output>
          </reporter-output>
        </test-method> <!-- loadTest -->
        <test-method status="PASS" signature="loadTest()[pri:0, instance:SampleTest@224a9dcd]" name="loadTest" duration-ms="15801" started-at="2014-04-21T10:12:26Z" finished-at="2014-04-21T10:12:41Z">
          <reporter-output>
          </reporter-output>
        </test-method> <!-- loadTest -->
        <test-method status="PASS" signature="loadTest()[pri:0, instance:SampleTest@224a9dcd]" name="loadTest" duration-ms="19324" started-at="2014-04-21T10:12:28Z" finished-at="2014-04-21T10:12:47Z">
          <reporter-output>
          </reporter-output>
        </test-method> <!-- loadTest -->
        <test-method status="PASS" signature="loadTest()[pri:0, instance:SampleTest@224a9dcd]" name="loadTest" duration-ms="16606" started-at="2014-04-21T10:12:29Z" finished-at="2014-04-21T10:12:46Z">
          <reporter-output>
          </reporter-output>
        </test-method> <!-- loadTest -->
        <test-method status="PASS" signature="loadTest()[pri:0, instance:SampleTest@224a9dcd]" name="loadTest" duration-ms="19220" started-at="2014-04-21T10:12:35Z" finished-at="2014-04-21T10:12:54Z">
          <reporter-output>
          </reporter-output>
        </test-method> <!-- loadTest -->
        <test-method status="PASS" signature="loadTest()[pri:0, instance:SampleTest@224a9dcd]" name="loadTest" duration-ms="16032" started-at="2014-04-21T10:12:41Z" finished-at="2014-04-21T10:12:57Z">
          <reporter-output>
          </reporter-output>
        </test-method> <!-- loadTest -->
        <test-method status="PASS" signature="loadTest()[pri:0, instance:SampleTest@224a9dcd]" name="loadTest" duration-ms="20425" started-at="2014-04-21T10:12:41Z" finished-at="2014-04-21T10:13:02Z">
          <reporter-output>
          </reporter-output>
        </test-method> <!-- loadTest -->
        <test-method status="PASS" signature="loadTest()[pri:0, instance:SampleTest@224a9dcd]" name="loadTest" duration-ms="18755" started-at="2014-04-21T10:12:46Z" finished-at="2014-04-21T10:13:05Z">
          <reporter-output>
          </reporter-output>
        </test-method> <!-- loadTest -->
        <test-method status="PASS" signature="loadTest()[pri:0, instance:SampleTest@224a9dcd]" name="loadTest" duration-ms="17616" started-at="2014-04-21T10:12:47Z" finished-at="2014-04-21T10:13:05Z">
          <reporter-output>
          </reporter-output>
        </test-method> <!-- loadTest -->
        <test-method status="PASS" signature="loadTest()[pri:0, instance:SampleTest@224a9dcd]" name="loadTest" duration-ms="19953" started-at="2014-04-21T10:12:54Z" finished-at="2014-04-21T10:13:14Z">
          <reporter-output>
          </reporter-output>
        </test-method> <!-- loadTest -->
        <test-method status="PASS" signature="loadTest()[pri:0, instance:SampleTest@224a9dcd]" name="loadTest" duration-ms="21680" started-at="2014-04-21T10:12:57Z" finished-at="2014-04-21T10:13:18Z">
          <reporter-output>
          </reporter-output>
        </test-method> <!-- loadTest -->
        <test-method status="PASS" signature="loadTest()[pri:0, instance:SampleTest@224a9dcd]" name="loadTest" duration-ms="21249" started-at="2014-04-21T10:13:02Z" finished-at="2014-04-21T10:13:23Z">
          <reporter-output>
          </reporter-output>
        </test-method> <!-- loadTest -->
        <test-method status="PASS" signature="loadTest()[pri:0, instance:SampleTest@224a9dcd]" name="loadTest" duration-ms="21692" started-at="2014-04-21T10:13:05Z" finished-at="2014-04-21T10:13:26Z">
          <reporter-output>
          </reporter-output>
        </test-method> <!-- loadTest -->
        <test-method status="PASS" signature="loadTest()[pri:0, instance:SampleTest@224a9dcd]" name="loadTest" duration-ms="27646" started-at="2014-04-21T10:13:05Z" finished-at="2014-04-21T10:13:33Z">
          <reporter-output>
          </reporter-output>
        </test-method> <!-- loadTest -->
        <test-method status="PASS" signature="loadTest()[pri:0, instance:SampleTest@224a9dcd]" name="loadTest" duration-ms="26331" started-at="2014-04-21T10:13:14Z" finished-at="2014-04-21T10:13:41Z">
          <reporter-output>
          </reporter-output>
        </test-method> <!-- loadTest -->
        <test-method status="PASS" signature="loadTest()[pri:0, instance:SampleTest@224a9dcd]" name="loadTest" duration-ms="26807" started-at="2014-04-21T10:13:18Z" finished-at="2014-04-21T10:13:45Z">
          <reporter-output>
          </reporter-output>
        </test-method> <!-- loadTest -->
        <test-method status="PASS" signature="loadTest()[pri:0, instance:SampleTest@224a9dcd]" name="loadTest" duration-ms="22015" started-at="2014-04-21T10:13:23Z" finished-at="2014-04-21T10:13:45Z">
          <reporter-output>
          </reporter-output>
        </test-method> <!-- loadTest -->
        <test-method status="PASS" signature="loadTest()[pri:0, instance:SampleTest@224a9dcd]" name="loadTest" duration-ms="26597" started-at="2014-04-21T10:13:26Z" finished-at="2014-04-21T10:13:53Z">
          <reporter-output>
          </reporter-output>
        </test-method> <!-- loadTest -->
        <test-method status="PASS" signature="loadTest()[pri:0, instance:SampleTest@224a9dcd]" name="loadTest" duration-ms="23962" started-at="2014-04-21T10:13:33Z" finished-at="2014-04-21T10:13:56Z">
          <reporter-output>
          </reporter-output>
        </test-method> <!-- loadTest -->
        <test-method status="PASS" signature="loadTest()[pri:0, instance:SampleTest@224a9dcd]" name="loadTest" duration-ms="23539" started-at="2014-04-21T10:13:41Z" finished-at="2014-04-21T10:14:04Z">
          <reporter-output>
          </reporter-output>
        </test-method> <!-- loadTest -->
        <test-method status="PASS" signature="loadTest()[pri:0, instance:SampleTest@224a9dcd]" name="loadTest" duration-ms="20898" started-at="2014-04-21T10:13:45Z" finished-at="2014-04-21T10:14:06Z">
          <reporter-output>
          </reporter-output>
        </test-method> <!-- loadTest -->
        <test-method status="PASS" signature="loadTest()[pri:0, instance:SampleTest@224a9dcd]" name="loadTest" duration-ms="23620" started-at="2014-04-21T10:13:45Z" finished-at="2014-04-21T10:14:09Z">
          <reporter-output>
          </reporter-output>
        </test-method> <!-- loadTest -->
        <test-method status="PASS" signature="loadTest()[pri:0, instance:SampleTest@224a9dcd]" name="loadTest" duration-ms="17093" started-at="2014-04-21T10:13:53Z" finished-at="2014-04-21T10:14:10Z">
          <reporter-output>
          </reporter-output>
        </test-method> <!-- loadTest -->
        <test-method status="PASS" signature="loadTest()[pri:0, instance:SampleTest@224a9dcd]" name="loadTest" duration-ms="19217" started-at="2014-04-21T10:13:56Z" finished-at="2014-04-21T10:14:16Z">
          <reporter-output>
          </reporter-output>
        </test-method> <!-- loadTest -->
        <test-method status="PASS" signature="loadTest()[pri:0, instance:SampleTest@224a9dcd]" name="loadTest" duration-ms="22153" started-at="2014-04-21T10:14:04Z" finished-at="2014-04-21T10:14:26Z">
          <reporter-output>
          </reporter-output>
        </test-method> <!-- loadTest -->
        <test-method status="PASS" signature="loadTest()[pri:0, instance:SampleTest@224a9dcd]" name="loadTest" duration-ms="23515" started-at="2014-04-21T10:14:06Z" finished-at="2014-04-21T10:14:30Z">
          <reporter-output>
          </reporter-output>
        </test-method> <!-- loadTest -->
        <test-method status="PASS" signature="loadTest()[pri:0, instance:SampleTest@224a9dcd]" name="loadTest" duration-ms="20801" started-at="2014-04-21T10:14:09Z" finished-at="2014-04-21T10:14:30Z">
          <reporter-output>
          </reporter-output>
        </test-method> <!-- loadTest -->
        <test-method status="PASS" signature="loadTest()[pri:0, instance:SampleTest@224a9dcd]" name="loadTest" duration-ms="19593" started-at="2014-04-21T10:14:10Z" finished-at="2014-04-21T10:14:30Z">
          <reporter-output>
          </reporter-output>
        </test-method> <!-- loadTest -->
        <test-method status="PASS" signature="loadTest()[pri:0, instance:SampleTest@224a9dcd]" name="loadTest" duration-ms="24553" started-at="2014-04-21T10:14:16Z" finished-at="2014-04-21T10:14:40Z">
          <reporter-output>
          </reporter-output>
        </test-method> <!-- loadTest -->
        <test-method status="PASS" signature="loadTest()[pri:0, instance:SampleTest@224a9dcd]" name="loadTest" duration-ms="19628" started-at="2014-04-21T10:14:26Z" finished-at="2014-04-21T10:14:46Z">
          <reporter-output>
          </reporter-output>
        </test-method> <!-- loadTest -->
        <test-method status="PASS" signature="loadTest()[pri:0, instance:SampleTest@224a9dcd]" name="loadTest" duration-ms="19529" started-at="2014-04-21T10:14:30Z" finished-at="2014-04-21T10:14:49Z">
          <reporter-output>
          </reporter-output>
        </test-method> <!-- loadTest -->
        <test-method status="PASS" signature="loadTest()[pri:0, instance:SampleTest@224a9dcd]" name="loadTest" duration-ms="25271" started-at="2014-04-21T10:14:30Z" finished-at="2014-04-21T10:14:55Z">
          <reporter-output>
          </reporter-output>
        </test-method> <!-- loadTest -->
        <test-method status="PASS" signature="loadTest()[pri:0, instance:SampleTest@224a9dcd]" name="loadTest" duration-ms="24998" started-at="2014-04-21T10:14:30Z" finished-at="2014-04-21T10:14:55Z">
          <reporter-output>
          </reporter-output>
        </test-method> <!-- loadTest -->
      </class> <!-- SampleTest -->
    </test> <!-- Command line test -->
  </suite> <!-- SampleTest -->
</testng-results>
