<?xml version="1.0" encoding="UTF-8" ?>
<testsuite failures="0" time="419.987" errors="0" skipped="0" tests="100" name="SampleTest">
  <properties>
[...]
</properties>
  <testcase time="26.282" classname="SampleTest" name="loadTest"/>
  <testcase time="0.461" classname="SampleTest" name="loadTest"/>
  <testcase time="1.637" classname="SampleTest" name="loadTest"/>
  <testcase time="1.342" classname="SampleTest" name="loadTest"/>
  <testcase time="2.071" classname="SampleTest" name="loadTest"/>
  <testcase time="15.113" classname="SampleTest" name="loadTest"/>
  <testcase time="2.481" classname="SampleTest" name="loadTest"/>
  <testcase time="0.447" classname="SampleTest" name="loadTest"/>
  <testcase time="0.174" classname="SampleTest" name="loadTest"/>
  <testcase time="5.159" classname="SampleTest" name="loadTest"/>
  <testcase time="8.896" classname="SampleTest" name="loadTest"/>
  <testcase time="0.416" classname="SampleTest" name="loadTest"/>
  <testcase time="10.094" classname="SampleTest" name="loadTest"/>
  <testcase time="0.021" classname="SampleTest" name="loadTest"/>
  <testcase time="2.057" classname="SampleTest" name="loadTest"/>
  <testcase time="2.787" classname="SampleTest" name="loadTest"/>
  <testcase time="8.853" classname="SampleTest" name="loadTest"/>
  <testcase time="1.386" classname="SampleTest" name="loadTest"/>
  <testcase time="4.576" classname="SampleTest" name="loadTest"/>
  <testcase time="1.727" classname="SampleTest" name="loadTest"/>
  <testcase time="6.107" classname="SampleTest" name="loadTest"/>
  <testcase time="3.119" classname="SampleTest" name="loadTest"/>
  <testcase time="1.11" classname="SampleTest" name="loadTest"/>
  <testcase time="3.138" classname="SampleTest" name="loadTest"/>
  <testcase time="5.34" classname="SampleTest" name="loadTest"/>
  <testcase time="5.873" classname="SampleTest" name="loadTest"/>
  <testcase time="0.402" classname="SampleTest" name="loadTest"/>
  <testcase time="4.17" classname="SampleTest" name="loadTest"/>
  <testcase time="2.46" classname="SampleTest" name="loadTest"/>
  <testcase time="5.096" classname="SampleTest" name="loadTest"/>
  <testcase time="6.823" classname="SampleTest" name="loadTest"/>
  <testcase time="0.085" classname="SampleTest" name="loadTest"/>
  <testcase time="0.613" classname="SampleTest" name="loadTest"/>
  <testcase time="10.806" classname="SampleTest" name="loadTest"/>
  <testcase time="0.842" classname="SampleTest" name="loadTest"/>
  <testcase time="7.512" classname="SampleTest" name="loadTest"/>
  <testcase time="2.264" classname="SampleTest" name="loadTest"/>
  <testcase time="0.463" classname="SampleTest" name="loadTest"/>
  <testcase time="11.376" classname="SampleTest" name="loadTest"/>
  <testcase time="1.066" classname="SampleTest" name="loadTest"/>
  <testcase time="1.976" classname="SampleTest" name="loadTest"/>
  <testcase time="0.026" classname="SampleTest" name="loadTest"/>
  <testcase time="10.827" classname="SampleTest" name="loadTest"/>
  <testcase time="5.848" classname="SampleTest" name="loadTest"/>
  <testcase time="0.895" classname="SampleTest" name="loadTest"/>
  <testcase time="2.407" classname="SampleTest" name="loadTest"/>
  <testcase time="0.72" classname="SampleTest" name="loadTest"/>
  <testcase time="8.157" classname="SampleTest" name="loadTest"/>
  <testcase time="7.194" classname="SampleTest" name="loadTest"/>
  <testcase time="0.712" classname="SampleTest" name="loadTest"/>
  <testcase time="2.74" classname="SampleTest" name="loadTest"/>
  <testcase time="7.197" classname="SampleTest" name="loadTest"/>
  <testcase time="1.321" classname="SampleTest" name="loadTest"/>
  <testcase time="6.857" classname="SampleTest" name="loadTest"/>
  <testcase time="3.978" classname="SampleTest" name="loadTest"/>
  <testcase time="1.423" classname="SampleTest" name="loadTest"/>
  <testcase time="2.572" classname="SampleTest" name="loadTest"/>
  <testcase time="6.94" classname="SampleTest" name="loadTest"/>
  <testcase time="4.204" classname="SampleTest" name="loadTest"/>
  <testcase time="3.977" classname="SampleTest" name="loadTest"/>
  <testcase time="1.494" classname="SampleTest" name="loadTest"/>
  <testcase time="5.48" classname="SampleTest" name="loadTest"/>
  <testcase time="3.914" classname="SampleTest" name="loadTest"/>
  <testcase time="4.862" classname="SampleTest" name="loadTest"/>
  <testcase time="2.283" classname="SampleTest" name="loadTest"/>
  <testcase time="1.425" classname="SampleTest" name="loadTest"/>
  <testcase time="5.811" classname="SampleTest" name="loadTest"/>
  <testcase time="5.429" classname="SampleTest" name="loadTest"/>
  <testcase time="0.85" classname="SampleTest" name="loadTest"/>
  <testcase time="4.514" classname="SampleTest" name="loadTest"/>
  <testcase time="1.292" classname="SampleTest" name="loadTest"/>
  <testcase time="7.133" classname="SampleTest" name="loadTest"/>
  <testcase time="2.241" classname="SampleTest" name="loadTest"/>
  <testcase time="5.242" classname="SampleTest" name="loadTest"/>
  <testcase time="2.845" classname="SampleTest" name="loadTest"/>
  <testcase time="0.153" classname="SampleTest" name="loadTest"/>
  <testcase time="9.47" classname="SampleTest" name="loadTest"/>
  <testcase time="3.969" classname="SampleTest" name="loadTest"/>
  <testcase time="4.811" classname="SampleTest" name="loadTest"/>
  <testcase time="3.287" classname="SampleTest" name="loadTest"/>
  <testcase time="6.108" classname="SampleTest" name="loadTest"/>
  <testcase time="8.154" classname="SampleTest" name="loadTest"/>
  <testcase time="4.445" classname="SampleTest" name="loadTest"/>
  <testcase time="0.019" classname="SampleTest" name="loadTest"/>
  <testcase time="7.869" classname="SampleTest" name="loadTest"/>
  <testcase time="3.473" classname="SampleTest" name="loadTest"/>
  <testcase time="7.731" classname="SampleTest" name="loadTest"/>
  <testcase time="1.805" classname="SampleTest" name="loadTest"/>
  <testcase time="2.74" classname="SampleTest" name="loadTest"/>
  <testcase time="1.342" classname="SampleTest" name="loadTest"/>
  <testcase time="5.597" classname="SampleTest" name="loadTest"/>
  <testcase time="10.668" classname="SampleTest" name="loadTest"/>
  <testcase time="3.167" classname="SampleTest" name="loadTest"/>
  <testcase time="0.025" classname="SampleTest" name="loadTest"/>
  <testcase time="0.134" classname="SampleTest" name="loadTest"/>
  <testcase time="10.556" classname="SampleTest" name="loadTest"/>
  <testcase time="16.301" classname="SampleTest" name="loadTest"/>
  <testcase time="19.369" classname="SampleTest" name="loadTest"/>
  <testcase time="24.998" classname="SampleTest" name="loadTest"/>
  <testcase time="25.136" classname="SampleTest" name="loadTest"/>
</testsuite>